<?xml version="1.0" encoding="UTF-8"?>
<testsuite xmlns:xsi="http://www.w3.org/2001/XMLSchema-instance" xsi:noNamespaceSchemaLocation="https://maven.apache.org/surefire/maven-surefire-plugin/xsd/surefire-test-report.xsd" name="com.xuanxuan.csu.service.impl.WeChatUserServiceImplTest" time="1.038" tests="4" errors="0" skipped="0" failures="0">
  <properties>
[...]
</properties>
  <testcase name="testLogin" classname="com.xuanxuan.csu.service.impl.WeChatUserServiceImplTest" time="0.056"/>
  <testcase name="testRedis" classname="com.xuanxuan.csu.service.impl.WeChatUserServiceImplTest" time="0.951"/>
  <testcase name="testAuth" classname="com.xuanxuan.csu.service.impl.WeChatUserServiceImplTest" time="0.014"/>
  <testcase name="getUserState" classname="com.xuanxuan.csu.service.impl.WeChatUserServiceImplTest" time="0.008"/>
</testsuite>